2025-09-28 03:48:21 - SCBR.RPCaseManager - INFO - [jieba] 已載入詞庫：C:\work\系統-中醫\Pulse-project\Backend\prompt\tcm_userdict_jieba_v2.txt
2025-09-28 03:48:21 - SCBR.SpiralCBREngine - WARNING - 無法載入 CaseFinder，案例檢索備援功能將不可用
2025-09-28 03:52:00 - SCBR.RPCaseManager - INFO - [jieba] 已載入詞庫：C:\work\系統-中醫\Pulse-project\Backend\prompt\tcm_userdict_jieba_v2.txt
2025-09-28 03:52:00 - SCBR.SpiralCBREngine - WARNING - 無法載入 CaseFinder，案例檢索備援功能將不可用
2025-09-28 03:53:39 - SCBR.RPCaseManager - INFO - [jieba] 已載入詞庫：C:\work\系統-中醫\Pulse-project\Backend\prompt\tcm_userdict_jieba_v2.txt
2025-09-28 03:53:39 - SCBR.SpiralCBREngine - WARNING - 無法載入 CaseFinder，案例檢索備援功能將不可用
2025-09-28 04:05:48 - SCBR.RPCaseManager - INFO - [jieba] 已載入詞庫：C:\work\系統-中醫\Pulse-project\Backend\prompt\tcm_userdict_jieba_v2.txt
2025-09-28 04:05:48 - SCBR.SpiralCBREngine - WARNING - 無法載入 CaseFinder，案例檢索備援功能將不可用
2025-09-28 04:05:57 - SCBR.RPCaseManager - INFO - [jieba] 已載入詞庫：C:\work\系統-中醫\Pulse-project\Backend\prompt\tcm_userdict_jieba_v2.txt
2025-09-28 04:05:57 - SCBR.SpiralCBREngine - WARNING - 無法載入 CaseFinder，案例檢索備援功能將不可用
2025-09-28 04:07:17 - SCBR.RPCaseManager - INFO - [jieba] 已載入詞庫：C:\work\系統-中醫\Pulse-project\Backend\prompt\tcm_userdict_jieba_v2.txt
2025-09-28 04:07:17 - SCBR.SpiralCBREngine - WARNING - 無法載入 CaseFinder，案例檢索備援功能將不可用
2025-09-28 04:07:22 - SCBR.RPCaseManager - INFO - [jieba] 已載入詞庫：C:\work\系統-中醫\Pulse-project\Backend\prompt\tcm_userdict_jieba_v2.txt
2025-09-28 04:07:22 - SCBR.SpiralCBREngine - WARNING - 無法載入 CaseFinder，案例檢索備援功能將不可用
{"timestamp": "2025-09-28T04:07:47.203827", "level": "INFO", "logger": "SCBR.RPCaseManager", "message": "[jieba] 已載入詞庫：C:\\work\\系統-中醫\\Pulse-project\\Backend\\prompt\\tcm_userdict_jieba_v2.txt", "module": "spiral_logger", "function": "info", "line": 539}
{"timestamp": "2025-09-28T04:07:47.209374", "level": "WARNING", "logger": "SCBR.SpiralCBREngine", "message": "無法載入 CaseFinder，案例檢索備援功能將不可用", "module": "spiral_logger", "function": "warning", "line": 543}
{"timestamp": "2025-09-28T04:08:34.743118", "level": "INFO", "logger": "SCBR.RPCaseManager", "message": "[jieba] 已載入詞庫：C:\\work\\系統-中醫\\Pulse-project\\Backend\\prompt\\tcm_userdict_jieba_v2.txt", "module": "spiral_logger", "function": "info", "line": 539}
{"timestamp": "2025-09-28T04:08:34.747900", "level": "WARNING", "logger": "SCBR.SpiralCBREngine", "message": "無法載入 CaseFinder，案例檢索備援功能將不可用", "module": "spiral_logger", "function": "warning", "line": 543}
{"timestamp": "2025-09-28T04:08:38.971425", "level": "INFO", "logger": "SCBR.RPCaseManager", "message": "[jieba] 已載入詞庫：C:\\work\\系統-中醫\\Pulse-project\\Backend\\prompt\\tcm_userdict_jieba_v2.txt", "module": "spiral_logger", "function": "info", "line": 539}
{"timestamp": "2025-09-28T04:08:38.976937", "level": "WARNING", "logger": "SCBR.SpiralCBREngine", "message": "無法載入 CaseFinder，案例檢索備援功能將不可用", "module": "spiral_logger", "function": "warning", "line": 543}
{"timestamp": "2025-09-28T04:09:33.666826", "level": "INFO", "logger": "SCBR.RPCaseManager", "message": "[jieba] 已載入詞庫：C:\\work\\系統-中醫\\Pulse-project\\Backend\\prompt\\tcm_userdict_jieba_v2.txt", "module": "spiral_logger", "function": "info", "line": 539}
{"timestamp": "2025-09-28T04:09:33.672345", "level": "WARNING", "logger": "SCBR.SpiralCBREngine", "message": "無法載入 CaseFinder，案例檢索備援功能將不可用", "module": "spiral_logger", "function": "warning", "line": 543}
{"timestamp": "2025-09-28T04:12:04.461069", "level": "INFO", "logger": "SCBR.RPCaseManager", "message": "[jieba] 已載入詞庫：C:\\work\\系統-中醫\\Pulse-project\\Backend\\prompt\\tcm_userdict_jieba_v2.txt", "module": "spiral_logger", "function": "info", "line": 539}
{"timestamp": "2025-09-28T04:12:04.465069", "level": "WARNING", "logger": "SCBR.SpiralCBREngine", "message": "無法載入 CaseFinder，案例檢索備援功能將不可用", "module": "spiral_logger", "function": "warning", "line": 543}
{"timestamp": "2025-09-28T04:12:08.698483", "level": "INFO", "logger": "SCBR.RPCaseManager", "message": "[jieba] 已載入詞庫：C:\\work\\系統-中醫\\Pulse-project\\Backend\\prompt\\tcm_userdict_jieba_v2.txt", "module": "spiral_logger", "function": "info", "line": 539}
{"timestamp": "2025-09-28T04:12:08.702484", "level": "WARNING", "logger": "SCBR.SpiralCBREngine", "message": "無法載入 CaseFinder，案例檢索備援功能將不可用", "module": "spiral_logger", "function": "warning", "line": 543}
{"timestamp": "2025-09-28T04:12:42.732515", "level": "INFO", "logger": "SCBR.RPCaseManager", "message": "[jieba] 已載入詞庫：C:\\work\\系統-中醫\\Pulse-project\\Backend\\prompt\\tcm_userdict_jieba_v2.txt", "module": "spiral_logger", "function": "info", "line": 539}
{"timestamp": "2025-09-28T04:12:42.738038", "level": "WARNING", "logger": "SCBR.SpiralCBREngine", "message": "無法載入 CaseFinder，案例檢索備援功能將不可用", "module": "spiral_logger", "function": "warning", "line": 543}
{"timestamp": "2025-09-28T04:12:47.388155", "level": "INFO", "logger": "SCBR.RPCaseManager", "message": "[jieba] 已載入詞庫：C:\\work\\系統-中醫\\Pulse-project\\Backend\\prompt\\tcm_userdict_jieba_v2.txt", "module": "spiral_logger", "function": "info", "line": 539}
{"timestamp": "2025-09-28T04:12:47.392867", "level": "WARNING", "logger": "SCBR.SpiralCBREngine", "message": "無法載入 CaseFinder，案例檢索備援功能將不可用", "module": "spiral_logger", "function": "warning", "line": 543}
{"timestamp": "2025-09-28T04:12:56.726831", "level": "INFO", "logger": "SCBR.RPCaseManager", "message": "[jieba] 已載入詞庫：C:\\work\\系統-中醫\\Pulse-project\\Backend\\prompt\\tcm_userdict_jieba_v2.txt", "module": "spiral_logger", "function": "info", "line": 539}
{"timestamp": "2025-09-28T04:12:56.730858", "level": "WARNING", "logger": "SCBR.SpiralCBREngine", "message": "無法載入 CaseFinder，案例檢索備援功能將不可用", "module": "spiral_logger", "function": "warning", "line": 543}
{"timestamp": "2025-09-28T04:13:00.910654", "level": "INFO", "logger": "SCBR.RPCaseManager", "message": "[jieba] 已載入詞庫：C:\\work\\系統-中醫\\Pulse-project\\Backend\\prompt\\tcm_userdict_jieba_v2.txt", "module": "spiral_logger", "function": "info", "line": 539}
{"timestamp": "2025-09-28T04:13:00.916183", "level": "WARNING", "logger": "SCBR.SpiralCBREngine", "message": "無法載入 CaseFinder，案例檢索備援功能將不可用", "module": "spiral_logger", "function": "warning", "line": 543}
{"timestamp": "2025-09-28T04:13:16.980799", "level": "INFO", "logger": "SCBR.RPCaseManager", "message": "[jieba] 已載入詞庫：C:\\work\\系統-中醫\\Pulse-project\\Backend\\prompt\\tcm_userdict_jieba_v2.txt", "module": "spiral_logger", "function": "info", "line": 539}
{"timestamp": "2025-09-28T04:13:16.984802", "level": "WARNING", "logger": "SCBR.SpiralCBREngine", "message": "無法載入 CaseFinder，案例檢索備援功能將不可用", "module": "spiral_logger", "function": "warning", "line": 543}
{"timestamp": "2025-09-28T04:13:24.032342", "level": "INFO", "logger": "SCBR.RPCaseManager", "message": "[jieba] 已載入詞庫：C:\\work\\系統-中醫\\Pulse-project\\Backend\\prompt\\tcm_userdict_jieba_v2.txt", "module": "spiral_logger", "function": "info", "line": 539}
{"timestamp": "2025-09-28T04:13:24.038922", "level": "WARNING", "logger": "SCBR.SpiralCBREngine", "message": "無法載入 CaseFinder，案例檢索備援功能將不可用", "module": "spiral_logger", "function": "warning", "line": 543}
{"timestamp": "2025-09-28T04:13:39.080638", "level": "INFO", "logger": "SCBR.RPCaseManager", "message": "[jieba] 已載入詞庫：C:\\work\\系統-中醫\\Pulse-project\\Backend\\prompt\\tcm_userdict_jieba_v2.txt", "module": "spiral_logger", "function": "info", "line": 539}
{"timestamp": "2025-09-28T04:13:39.085645", "level": "WARNING", "logger": "SCBR.SpiralCBREngine", "message": "無法載入 CaseFinder，案例檢索備援功能將不可用", "module": "spiral_logger", "function": "warning", "line": 543}
{"timestamp": "2025-09-28T04:13:44.372061", "level": "INFO", "logger": "SCBR.RPCaseManager", "message": "[jieba] 已載入詞庫：C:\\work\\系統-中醫\\Pulse-project\\Backend\\prompt\\tcm_userdict_jieba_v2.txt", "module": "spiral_logger", "function": "info", "line": 539}
{"timestamp": "2025-09-28T04:13:44.375563", "level": "WARNING", "logger": "SCBR.SpiralCBREngine", "message": "無法載入 CaseFinder，案例檢索備援功能將不可用", "module": "spiral_logger", "function": "warning", "line": 543}
{"timestamp": "2025-09-28T04:14:07.441613", "level": "WARNING", "logger": "SCBR.SpiralCBREngine", "message": "無法載入 RPCaseManager，回饋案例功能將不可用", "module": "spiral_logger", "function": "warning", "line": 543}
{"timestamp": "2025-09-28T04:14:07.446117", "level": "WARNING", "logger": "SCBR.SpiralCBREngine", "message": "無法載入 CaseFinder，案例檢索備援功能將不可用", "module": "spiral_logger", "function": "warning", "line": 543}
{"timestamp": "2025-09-28T04:14:44.911674", "level": "WARNING", "logger": "SCBR.SpiralCBREngine", "message": "無法載入 RPCaseManager，回饋案例功能將不可用", "module": "spiral_logger", "function": "warning", "line": 543}
{"timestamp": "2025-09-28T04:14:44.915673", "level": "WARNING", "logger": "SCBR.SpiralCBREngine", "message": "無法載入 CaseFinder，案例檢索備援功能將不可用", "module": "spiral_logger", "function": "warning", "line": 543}
{"timestamp": "2025-09-28T04:14:48.643280", "level": "WARNING", "logger": "SCBR.SpiralCBREngine", "message": "無法載入 RPCaseManager，回饋案例功能將不可用", "module": "spiral_logger", "function": "warning", "line": 543}
{"timestamp": "2025-09-28T04:14:48.647791", "level": "WARNING", "logger": "SCBR.SpiralCBREngine", "message": "無法載入 CaseFinder，案例檢索備援功能將不可用", "module": "spiral_logger", "function": "warning", "line": 543}
{"timestamp": "2025-09-28T04:14:55.285178", "level": "WARNING", "logger": "SCBR.SpiralCBREngine", "message": "無法載入 RPCaseManager，回饋案例功能將不可用", "module": "spiral_logger", "function": "warning", "line": 543}
{"timestamp": "2025-09-28T04:14:55.291409", "level": "WARNING", "logger": "SCBR.SpiralCBREngine", "message": "無法載入 CaseFinder，案例檢索備援功能將不可用", "module": "spiral_logger", "function": "warning", "line": 543}
{"timestamp": "2025-09-28T04:14:58.655885", "level": "WARNING", "logger": "SCBR.SpiralCBREngine", "message": "無法載入 RPCaseManager，回饋案例功能將不可用", "module": "spiral_logger", "function": "warning", "line": 543}
{"timestamp": "2025-09-28T04:14:58.659438", "level": "WARNING", "logger": "SCBR.SpiralCBREngine", "message": "無法載入 CaseFinder，案例檢索備援功能將不可用", "module": "spiral_logger", "function": "warning", "line": 543}
{"timestamp": "2025-09-28T04:15:09.317663", "level": "WARNING", "logger": "SCBR.SpiralCBREngine", "message": "無法載入 RPCaseManager，回饋案例功能將不可用", "module": "spiral_logger", "function": "warning", "line": 543}
{"timestamp": "2025-09-28T04:15:09.323254", "level": "WARNING", "logger": "SCBR.SpiralCBREngine", "message": "無法載入 CaseFinder，案例檢索備援功能將不可用", "module": "spiral_logger", "function": "warning", "line": 543}
{"timestamp": "2025-09-28T04:15:12.592761", "level": "WARNING", "logger": "SCBR.SpiralCBREngine", "message": "無法載入 RPCaseManager，回饋案例功能將不可用", "module": "spiral_logger", "function": "warning", "line": 543}
{"timestamp": "2025-09-28T04:15:12.596759", "level": "WARNING", "logger": "SCBR.SpiralCBREngine", "message": "無法載入 CaseFinder，案例檢索備援功能將不可用", "module": "spiral_logger", "function": "warning", "line": 543}
{"timestamp": "2025-09-28T04:15:38.538082", "level": "WARNING", "logger": "SCBR.SpiralCBREngine", "message": "無法載入 RPCaseManager，回饋案例功能將不可用", "module": "spiral_logger", "function": "warning", "line": 543}
{"timestamp": "2025-09-28T04:15:38.542320", "level": "WARNING", "logger": "SCBR.SpiralCBREngine", "message": "無法載入 CaseFinder，案例檢索備援功能將不可用", "module": "spiral_logger", "function": "warning", "line": 543}
{"timestamp": "2025-09-28T04:15:42.940527", "level": "WARNING", "logger": "SCBR.SpiralCBREngine", "message": "無法載入 RPCaseManager，回饋案例功能將不可用", "module": "spiral_logger", "function": "warning", "line": 543}
{"timestamp": "2025-09-28T04:15:42.946041", "level": "WARNING", "logger": "SCBR.SpiralCBREngine", "message": "無法載入 CaseFinder，案例檢索備援功能將不可用", "module": "spiral_logger", "function": "warning", "line": 543}
{"timestamp": "2025-09-28T04:15:50.439860", "level": "WARNING", "logger": "SCBR.SpiralCBREngine", "message": "無法載入 RPCaseManager，回饋案例功能將不可用", "module": "spiral_logger", "function": "warning", "line": 543}
{"timestamp": "2025-09-28T04:15:50.443365", "level": "WARNING", "logger": "SCBR.SpiralCBREngine", "message": "無法載入 CaseFinder，案例檢索備援功能將不可用", "module": "spiral_logger", "function": "warning", "line": 543}
{"timestamp": "2025-09-28T04:15:53.984139", "level": "WARNING", "logger": "SCBR.SpiralCBREngine", "message": "無法載入 RPCaseManager，回饋案例功能將不可用", "module": "spiral_logger", "function": "warning", "line": 543}
{"timestamp": "2025-09-28T04:15:53.990186", "level": "WARNING", "logger": "SCBR.SpiralCBREngine", "message": "無法載入 CaseFinder，案例檢索備援功能將不可用", "module": "spiral_logger", "function": "warning", "line": 543}
{"timestamp": "2025-09-28T04:16:02.780341", "level": "WARNING", "logger": "SCBR.SpiralCBREngine", "message": "無法載入 RPCaseManager，回饋案例功能將不可用", "module": "spiral_logger", "function": "warning", "line": 543}
{"timestamp": "2025-09-28T04:16:02.783859", "level": "WARNING", "logger": "SCBR.SpiralCBREngine", "message": "無法載入 CaseFinder，案例檢索備援功能將不可用", "module": "spiral_logger", "function": "warning", "line": 543}
{"timestamp": "2025-09-28T04:16:06.035245", "level": "WARNING", "logger": "SCBR.SpiralCBREngine", "message": "無法載入 RPCaseManager，回饋案例功能將不可用", "module": "spiral_logger", "function": "warning", "line": 543}
{"timestamp": "2025-09-28T04:16:06.040975", "level": "WARNING", "logger": "SCBR.SpiralCBREngine", "message": "無法載入 CaseFinder，案例檢索備援功能將不可用", "module": "spiral_logger", "function": "warning", "line": 543}
{"timestamp": "2025-09-28T04:16:19.513203", "level": "WARNING", "logger": "SCBR.SpiralCBREngine", "message": "無法載入 RPCaseManager，回饋案例功能將不可用", "module": "spiral_logger", "function": "warning", "line": 543}
{"timestamp": "2025-09-28T04:16:19.515717", "level": "WARNING", "logger": "SCBR.SpiralCBREngine", "message": "無法載入 CaseFinder，案例檢索備援功能將不可用", "module": "spiral_logger", "function": "warning", "line": 543}
{"timestamp": "2025-09-28T04:16:23.686967", "level": "WARNING", "logger": "SCBR.SpiralCBREngine", "message": "無法載入 RPCaseManager，回饋案例功能將不可用", "module": "spiral_logger", "function": "warning", "line": 543}
{"timestamp": "2025-09-28T04:16:23.692744", "level": "WARNING", "logger": "SCBR.SpiralCBREngine", "message": "無法載入 CaseFinder，案例檢索備援功能將不可用", "module": "spiral_logger", "function": "warning", "line": 543}
{"timestamp": "2025-09-28T04:16:30.308028", "level": "WARNING", "logger": "SCBR.SpiralCBREngine", "message": "無法載入 RPCaseManager，回饋案例功能將不可用", "module": "spiral_logger", "function": "warning", "line": 543}
{"timestamp": "2025-09-28T04:16:30.311777", "level": "WARNING", "logger": "SCBR.SpiralCBREngine", "message": "無法載入 CaseFinder，案例檢索備援功能將不可用", "module": "spiral_logger", "function": "warning", "line": 543}
{"timestamp": "2025-09-28T04:16:33.551317", "level": "WARNING", "logger": "SCBR.SpiralCBREngine", "message": "無法載入 RPCaseManager，回饋案例功能將不可用", "module": "spiral_logger", "function": "warning", "line": 543}
{"timestamp": "2025-09-28T04:16:33.555049", "level": "WARNING", "logger": "SCBR.SpiralCBREngine", "message": "無法載入 CaseFinder，案例檢索備援功能將不可用", "module": "spiral_logger", "function": "warning", "line": 543}
{"timestamp": "2025-09-28T04:16:42.263657", "level": "WARNING", "logger": "SCBR.SpiralCBREngine", "message": "無法載入 RPCaseManager，回饋案例功能將不可用", "module": "spiral_logger", "function": "warning", "line": 543}
{"timestamp": "2025-09-28T04:16:42.270124", "level": "WARNING", "logger": "SCBR.SpiralCBREngine", "message": "無法載入 CaseFinder，案例檢索備援功能將不可用", "module": "spiral_logger", "function": "warning", "line": 543}
{"timestamp": "2025-09-28T04:16:45.836990", "level": "WARNING", "logger": "SCBR.SpiralCBREngine", "message": "無法載入 RPCaseManager，回饋案例功能將不可用", "module": "spiral_logger", "function": "warning", "line": 543}
{"timestamp": "2025-09-28T04:16:45.843277", "level": "WARNING", "logger": "SCBR.SpiralCBREngine", "message": "無法載入 CaseFinder，案例檢索備援功能將不可用", "module": "spiral_logger", "function": "warning", "line": 543}
{"timestamp": "2025-09-28T04:16:52.394928", "level": "WARNING", "logger": "SCBR.SpiralCBREngine", "message": "無法載入 RPCaseManager，回饋案例功能將不可用", "module": "spiral_logger", "function": "warning", "line": 543}
{"timestamp": "2025-09-28T04:16:52.398553", "level": "WARNING", "logger": "SCBR.SpiralCBREngine", "message": "無法載入 CaseFinder，案例檢索備援功能將不可用", "module": "spiral_logger", "function": "warning", "line": 543}
{"timestamp": "2025-09-28T04:16:55.967752", "level": "WARNING", "logger": "SCBR.SpiralCBREngine", "message": "無法載入 RPCaseManager，回饋案例功能將不可用", "module": "spiral_logger", "function": "warning", "line": 543}
{"timestamp": "2025-09-28T04:16:55.976274", "level": "WARNING", "logger": "SCBR.SpiralCBREngine", "message": "無法載入 CaseFinder，案例檢索備援功能將不可用", "module": "spiral_logger", "function": "warning", "line": 543}
